<?xml version="1.0" encoding="UTF-8"?>
<testsuite xmlns:xsi="http://www.w3.org/2001/XMLSchema-instance" xsi:noNamespaceSchemaLocation="https://maven.apache.org/surefire/maven-surefire-plugin/xsd/surefire-test-report-3.0.xsd" version="3.0" name="com.site.chatteste.ChattesteApplicationTests" time="1.897" tests="1" errors="0" skipped="0" failures="0">
  <properties>
[...]
</properties>
  <testcase name="contextLoads" classname="com.site.chatteste.ChattesteApplicationTests" time="0.643">
    <system-out><![CDATA[20:49:09.613 [main] INFO org.springframework.test.context.support.AnnotationConfigContextLoaderUtils -- Could not detect default configuration classes for test class [com.site.chatteste.ChattesteApplicationTests]: ChattesteApplicationTests does not declare any static, non-private, non-final, nested classes annotated with @Configuration.
20:49:09.684 [main] INFO org.springframework.boot.test.context.SpringBootTestContextBootstrapper -- Found @SpringBootConfiguration com.site.chatteste.ChattesteApplication for test class com.site.chatteste.ChattesteApplicationTests
20:49:09.790 [main] INFO org.springframework.boot.devtools.restart.RestartApplicationListener -- Restart disabled due to context in which it is running

  .   ____          _            __ _ _
 /\\ / ___'_ __ _ _(_)_ __  __ _ \ \ \ \
( ( )\___ | '_ | '_| | '_ \/ _` | \ \ \ \
 \\/  ___)| |_)| | | | | || (_| |  ) ) ) )
  '  |____| .__|_| |_|_| |_\__, | / / / /
 =========|_|==============|___/=/_/_/_/

 :: Spring Boot ::                (v3.3.5)

2024-11-07T20:49:09.959-03:00  INFO 491220 --- [           main] c.s.chatteste.ChattesteApplicationTests  : Starting ChattesteApplicationTests using Java 21.0.4 with PID 491220 (started by Pc in C:\Users\Pc\Documents\Nova pasta)
2024-11-07T20:49:09.960-03:00  INFO 491220 --- [           main] c.s.chatteste.ChattesteApplicationTests  : No active profile set, falling back to 1 default profile: "default"
2024-11-07T20:49:10.627-03:00  INFO 491220 --- [           main] o.s.b.a.w.s.WelcomePageHandlerMapping    : Adding welcome page: class path resource [static/index.html]
2024-11-07T20:49:10.738-03:00  INFO 491220 --- [           main] o.s.m.s.b.SimpleBrokerMessageHandler     : Starting...
2024-11-07T20:49:10.740-03:00  INFO 491220 --- [           main] o.s.m.s.b.SimpleBrokerMessageHandler     : BrokerAvailabilityEvent[available=true, SimpleBrokerMessageHandler [org.springframework.messaging.simp.broker.DefaultSubscriptionRegistry@168ad26f]]
2024-11-07T20:49:10.741-03:00  INFO 491220 --- [           main] o.s.m.s.b.SimpleBrokerMessageHandler     : Started.
2024-11-07T20:49:10.744-03:00  INFO 491220 --- [           main] c.s.chatteste.ChattesteApplicationTests  : Started ChattesteApplicationTests in 0.962 seconds (process running for 1.614)
]]></system-out>
    <system-err><![CDATA[WARNING: A Java agent has been loaded dynamically (C:\Users\Pc\.m2\repository\net\bytebuddy\byte-buddy-agent\1.14.19\byte-buddy-agent-1.14.19.jar)
WARNING: If a serviceability tool is in use, please run with -XX:+EnableDynamicAgentLoading to hide this warning
WARNING: If a serviceability tool is not in use, please run with -Djdk.instrument.traceUsage for more information
WARNING: Dynamic loading of agents will be disallowed by default in a future release
]]></system-err>
  </testcase>
</testsuite>